[debug] [2021-05-18T21:25:36.459Z] ----------------------------------------------------------------------
[debug] [2021-05-18T21:25:36.463Z] Command:       C:\Program Files (x86)\nodejs\node.exe C:\Users\KINGSLEY\AppData\Roaming\npm\node_modules\firebase-tools\lib\bin\firebase.js serve
[debug] [2021-05-18T21:25:36.464Z] CLI Version:   9.11.0
[debug] [2021-05-18T21:25:36.464Z] Platform:      win32
[debug] [2021-05-18T21:25:36.464Z] Node Version:  v14.17.0
[debug] [2021-05-18T21:25:36.466Z] Time:          Tue May 18 2021 21:25:36 GMT+0000 (Greenwich Mean Time)
[debug] [2021-05-18T21:25:36.466Z] ----------------------------------------------------------------------
[debug] 
[debug] [2021-05-18T21:25:36.481Z] > command requires scopes: ["email","openid","https://www.googleapis.com/auth/cloudplatformprojects.readonly","https://www.googleapis.com/auth/firebase","https://www.googleapis.com/auth/cloud-platform"]
[debug] [2021-05-18T21:25:36.482Z] > authorizing via signed-in user (kquarshie002@st.ug.edu.gh)
[debug] [2021-05-18T21:25:36.482Z] [iam] checking project kingsley-quarshie for permissions ["firebase.projects.get"]
[debug] [2021-05-18T21:25:36.485Z] >>> HTTP REQUEST POST https://cloudresourcemanager.googleapis.com/v1/projects/kingsley-quarshie:testIamPermissions  
 {"permissions":["firebase.projects.get"]}
[debug] [2021-05-18T21:25:37.762Z] <<< HTTP RESPONSE 200 {"content-type":"application/json; charset=UTF-8","vary":"X-Origin, Referer, Origin,Accept-Encoding","date":"Tue, 18 May 2021 21:26:45 GMT","server":"ESF","cache-control":"private","x-xss-protection":"0","x-frame-options":"SAMEORIGIN","x-content-type-options":"nosniff","server-timing":"gfet4t7; dur=1094","alt-svc":"h3-29=\":443\"; ma=2592000,h3-T051=\":443\"; ma=2592000,h3-Q050=\":443\"; ma=2592000,h3-Q046=\":443\"; ma=2592000,h3-Q043=\":443\"; ma=2592000,quic=\":443\"; ma=2592000; v=\"46,43\"","accept-ranges":"none","transfer-encoding":"chunked"}
[debug] [2021-05-18T21:25:37.767Z] > refreshing access token with scopes: []
[debug] [2021-05-18T21:25:37.768Z] >>> HTTP REQUEST POST https://www.googleapis.com/oauth2/v3/token  
 <request body omitted>
[debug] [2021-05-18T21:25:38.054Z] <<< HTTP RESPONSE 200 {"pragma":"no-cache","cache-control":"no-cache, no-store, max-age=0, must-revalidate","date":"Tue, 18 May 2021 21:26:45 GMT","expires":"Mon, 01 Jan 1990 00:00:00 GMT","content-type":"application/json; charset=utf-8","vary":"X-Origin, Referer, Origin,Accept-Encoding","server":"scaffolding on HTTPServer2","x-xss-protection":"0","x-frame-options":"SAMEORIGIN","x-content-type-options":"nosniff","alt-svc":"h3-29=\":443\"; ma=2592000,h3-T051=\":443\"; ma=2592000,h3-Q050=\":443\"; ma=2592000,h3-Q046=\":443\"; ma=2592000,h3-Q043=\":443\"; ma=2592000,quic=\":443\"; ma=2592000; v=\"46,43\"","accept-ranges":"none","transfer-encoding":"chunked"}
[debug] [2021-05-18T21:25:38.164Z] >>> [apiv2][query] GET https://firebase.googleapis.com/v1beta1/projects/kingsley-quarshie [none]
[debug] [2021-05-18T21:25:39.586Z] <<< [apiv2][status] GET https://firebase.googleapis.com/v1beta1/projects/kingsley-quarshie 200
[debug] [2021-05-18T21:25:39.587Z] <<< [apiv2][body] GET https://firebase.googleapis.com/v1beta1/projects/kingsley-quarshie {"projectId":"kingsley-quarshie","projectNumber":"460910681007","displayName":"Kingsley-Quarshie","name":"projects/kingsley-quarshie","resources":{"hostingSite":"kingsley-quarshie"},"state":"ACTIVE"}
[info] 
[info] === Serving from 'C:\Users\KINGSLEY\Desktop\Assets\Portfolio'...
[info] 
[debug] [2021-05-18T21:25:39.597Z] >>> [apiv2][query] GET https://firebasehosting.googleapis.com/v1beta1/projects/kingsley-quarshie/sites 
[debug] [2021-05-18T21:25:41.968Z] <<< [apiv2][status] GET https://firebasehosting.googleapis.com/v1beta1/projects/kingsley-quarshie/sites 200
[debug] [2021-05-18T21:25:41.968Z] <<< [apiv2][body] GET https://firebasehosting.googleapis.com/v1beta1/projects/kingsley-quarshie/sites {"sites":[{"name":"projects/460910681007/sites/kingsley-quarshie","defaultUrl":"https://kingsley-quarshie.web.app","type":"DEFAULT_SITE"}]}
[debug] [2021-05-18T21:25:41.970Z] >>> [apiv2][query] GET https://firebase.googleapis.com/v1beta1/projects/kingsley-quarshie/webApps/-/config [none]
[debug] [2021-05-18T21:25:43.056Z] <<< [apiv2][status] GET https://firebase.googleapis.com/v1beta1/projects/kingsley-quarshie/webApps/-/config 200
[debug] [2021-05-18T21:25:43.056Z] <<< [apiv2][body] GET https://firebase.googleapis.com/v1beta1/projects/kingsley-quarshie/webApps/-/config {"projectId":"kingsley-quarshie","storageBucket":"kingsley-quarshie.appspot.com","apiKey":"AIzaSyBGN37dNxCj1kiTau06P7tv3er4R7zupwk","authDomain":"kingsley-quarshie.firebaseapp.com","messagingSenderId":"460910681007"}
[info] i  hosting: Serving hosting files from: public {"metadata":{"emulator":{"name":"hosting"},"message":"Serving hosting files from: \u001b[1mpublic\u001b[22m"}}
[info] +  hosting: Local server: http://localhost:5000 {"metadata":{"emulator":{"name":"hosting"},"message":"Local server: \u001b[4m\u001b[1mhttp://localhost:5000\u001b[22m\u001b[24m"}}
[info] i  hosting: 127.0.0.1 - - [18/May/2021:21:25:49 +0000] "GET / HTTP/1.1" 200 7550 "-" "Mozilla/5.0 (Windows NT 10.0; Win64; x64) AppleWebKit/537.36 (KHTML, like Gecko) Chrome/90.0.4430.212 Safari/537.36" {"metadata":{"emulator":{"name":"hosting"},"message":"127.0.0.1 - - [18/May/2021:21:25:49 +0000] \"GET / HTTP/1.1\" 200 7550 \"-\" \"Mozilla/5.0 (Windows NT 10.0; Win64; x64) AppleWebKit/537.36 (KHTML, like Gecko) Chrome/90.0.4430.212 Safari/537.36\""}}
[info] i  hosting: 127.0.0.1 - - [18/May/2021:21:25:50 +0000] "GET /Portfolio.css HTTP/1.1" 200 4890 "http://localhost:5000/" "Mozilla/5.0 (Windows NT 10.0; Win64; x64) AppleWebKit/537.36 (KHTML, like Gecko) Chrome/90.0.4430.212 Safari/537.36" {"metadata":{"emulator":{"name":"hosting"},"message":"127.0.0.1 - - [18/May/2021:21:25:50 +0000] \"GET /Portfolio.css HTTP/1.1\" 200 4890 \"http://localhost:5000/\" \"Mozilla/5.0 (Windows NT 10.0; Win64; x64) AppleWebKit/537.36 (KHTML, like Gecko) Chrome/90.0.4430.212 Safari/537.36\""}}
